proguard.cfg
-optimizationpasses 5
-dontusemixedcaseclassnames
-dontskipnonpubliclibraryclasses
-dontskipnonpubliclibraryclassmembers
-dontpreverify
-verbose
-optimizations !code/simplification/arithmetic,!field/*,!class/merging/*

-keep public class * extends android.app.Activity
-keep public class * extends android.app.Application
-keep public class * extends android.app.Service
-keep public class * extends android.content.BroadcastReceiver
-keep public class * extends android.content.ContentProvider
-keep public class * extends android.app.backup.BackupAgentHelper
-keep public class * extends android.preference.Preference
-keep public class com.android.vending.licensing.ILicensingService

-keep class net.basilwang.entity.Score {
*;
}

-keep public class net.youmi.android.AdView

-keep class net.youmi.android.appoffers.** {
*;
}



-keep public class * extends com.actionbarsherlock.app.SherlockFragmentActivity

-keep class org.scribe.**{*;}
-keep class com.evernote.**{*;} 
-keep class com.tencent.mm.**{*;}
-keep class cn.sharesdk.**{*;} 
-keep class com.sina.**{*;}

-keepclasseswithmembernames class * {
    native <methods>;
}

-keepclasseswithmembers class * {
    public <init>(android.content.Context, android.util.AttributeSet);
}

-keepclasseswithmembers class * {
    public <init>(android.content.Context, android.util.AttributeSet, int);
}

-keepclassmembers class * extends android.app.Activity {
   public void *(android.view.View);
}

-keepclassmembers enum * {
    public static **[] values();
    public static ** valueOf(java.lang.String);
}

-keep class * implements android.os.Parcelable {
  public static final android.os.Parcelable$Creator *;
}

-keep class com.actionbarsherlock.** {
    *;
}

-keep class org.apache.commons.** {
    *;
}

-keepattributes *Annotation*


-dontwarn android.support.v4.**
-dontwarn android.support.v4.app.ActivityCompatHoneycomb
-dontwarn android.support.v4.os.ParcelableCompatCreatorHoneycombMR2
-dontwarn android.support.v4.view.MotionEventCompatEclair
-dontwarn android.support.v4.view.VelocityTrackerCompatHoneycomb
-dontwarn android.support.v4.view.ViewConfigurationCompatFroyo
-dontwarn android.support.v4.view.MenuCompatHoneycomb
-dontwarn org.hamcrest.CoreMatchers
-dontwarn org.junit.Assert
-dontwarn org.junit.Test
-dontwarn org.junit.runner.RunWith
-dontwarn com.xtremelabs.robolectric.RobolectricTestRunner
-dontwarn org.apache.avalon.framework.logger.Logger
-dontwarn org.apache.log4j.Category
-dontwarn org.apache.log4j.Logger
-dontwarn org.apache.log4j.Priority
-dontwarn org.apache.log.Hierarchy
-dontwarn javax.servlet.ServletContextListener
-dontwarn org.apache.log.Logger
-dontwarn javax.servlet.ServletContextListener
-dontwarn javax.servlet.ServletContextEvent
-dontwarn br.com.dina.ui.activity.UITableViewActivity
-dontwarn net.youmi.android.appoffers.**
-dontwarn android.webkit.WebViewClient
-dontwarn net.youmi.android.cj