proguard/seeds.txt
net.basilwang.About_us
net.basilwang.About_us: About_us()
net.basilwang.BaseActivity
net.basilwang.BaseActivity: BaseActivity(int)
net.basilwang.BlocksActivity
net.basilwang.BlocksActivity: BlocksActivity()
net.basilwang.BlocksActivity: void onHomeClick(android.view.View)
net.basilwang.BlocksActivity: void onRefreshClick(android.view.View)
net.basilwang.BlocksActivity: void onSearchClick(android.view.View)
net.basilwang.BlocksActivity: void onClick(android.view.View)
net.basilwang.CheckCodeDialog
net.basilwang.CheckCodeDialog: CheckCodeDialog()
net.basilwang.CurriculumViewPagerActivity
net.basilwang.CurriculumViewPagerActivity: CurriculumViewPagerActivity()
net.basilwang.DayView
net.basilwang.DayView: DayView(android.content.Context,android.util.AttributeSet,int)
net.basilwang.DayView: DayView(android.content.Context,android.util.AttributeSet)
net.basilwang.EditCurriculumActivity
net.basilwang.EditCurriculumActivity: EditCurriculumActivity()
net.basilwang.EditLogonPreferenceActivity
net.basilwang.EditLogonPreferenceActivity: EditLogonPreferenceActivity()
net.basilwang.EditSemesterBeginAndEndDateActivity
net.basilwang.EditSemesterBeginAndEndDateActivity: EditSemesterBeginAndEndDateActivity()
net.basilwang.LogonPreferenceActivity
net.basilwang.LogonPreferenceActivity: LogonPreferenceActivity()
net.basilwang.MessageFragment
net.basilwang.MessageFragment: MessageFragment()
net.basilwang.MyPreferenceActivity
net.basilwang.MyPreferenceActivity: MyPreferenceActivity()
net.basilwang.ShareOnWeibo
net.basilwang.ShareOnWeibo: ShareOnWeibo()
net.basilwang.SplashActivity
net.basilwang.SplashActivity: SplashActivity()
net.basilwang.StaticAttachmentActivity
net.basilwang.StaticAttachmentActivity: StaticAttachmentActivity()
net.basilwang.UpdateProgressView
net.basilwang.UpdateProgressView: UpdateProgressView(android.content.Context,android.util.AttributeSet)
net.basilwang.UpdateProgressView: UpdateProgressView(android.content.Context,android.util.AttributeSet,int)
net.basilwang.ViewPagerActivity
net.basilwang.ViewPagerActivity: ViewPagerActivity()
net.basilwang.config.College$hasChildrenTag: net.basilwang.config.College$hasChildrenTag[] values()
net.basilwang.config.College$hasChildrenTag: net.basilwang.config.College$hasChildrenTag valueOf(java.lang.String)
net.basilwang.config.College$tagName: net.basilwang.config.College$tagName[] values()
net.basilwang.config.College$tagName: net.basilwang.config.College$tagName valueOf(java.lang.String)
net.basilwang.config.CurriculumConfig$hasChildrentag: net.basilwang.config.CurriculumConfig$hasChildrentag[] values()
net.basilwang.config.CurriculumConfig$hasChildrentag: net.basilwang.config.CurriculumConfig$hasChildrentag valueOf(java.lang.String)
net.basilwang.config.CurriculumConfig$tagName: net.basilwang.config.CurriculumConfig$tagName[] values()
net.basilwang.config.CurriculumConfig$tagName: net.basilwang.config.CurriculumConfig$tagName valueOf(java.lang.String)
net.basilwang.config.SAXParse$tagName: net.basilwang.config.SAXParse$tagName[] values()
net.basilwang.config.SAXParse$tagName: net.basilwang.config.SAXParse$tagName valueOf(java.lang.String)
net.basilwang.config.ScoreConfig$tagName: net.basilwang.config.ScoreConfig$tagName[] values()
net.basilwang.config.ScoreConfig$tagName: net.basilwang.config.ScoreConfig$tagName valueOf(java.lang.String)
net.basilwang.config.ScoreConfigInTD$tagName: net.basilwang.config.ScoreConfigInTD$tagName[] values()
net.basilwang.config.ScoreConfigInTD$tagName: net.basilwang.config.ScoreConfigInTD$tagName valueOf(java.lang.String)
net.basilwang.config.TdContentToCurriculum$tagName: net.basilwang.config.TdContentToCurriculum$tagName[] values()
net.basilwang.config.TdContentToCurriculum$tagName: net.basilwang.config.TdContentToCurriculum$tagName valueOf(java.lang.String)
net.basilwang.config.UrlMap$tagName: net.basilwang.config.UrlMap$tagName[] values()
net.basilwang.config.UrlMap$tagName: net.basilwang.config.UrlMap$tagName valueOf(java.lang.String)
...
net.youmi.android.appoffers.ed
net.youmi.android.appoffers.ed: java.lang.String a(android.content.Context)
net.youmi.android.appoffers.ed: boolean a(android.content.Context,java.lang.String)
net.youmi.android.appoffers.ed: net.youmi.android.appoffers.bt b(android.content.Context,java.lang.String)
net.youmi.android.appoffers.ed: android.content.pm.PackageInfo c(android.content.Context,java.lang.String)
net.youmi.android.appoffers.ed: android.content.pm.PackageInfo d(android.content.Context,java.lang.String)
net.youmi.android.appoffers.ed: int a(android.content.Context,java.lang.String,int)
net.youmi.android.appoffers.ee
net.youmi.android.appoffers.ee: boolean a(android.content.Context,java.lang.String)
net.youmi.android.appoffers.ee: boolean a(android.content.Context)
net.youmi.android.appoffers.ee: boolean b(android.content.Context)
net.youmi.android.appoffers.ee: boolean c(android.content.Context)
net.youmi.android.appoffers.ee: boolean d(android.content.Context)
net.youmi.android.appoffers.ee: boolean e(android.content.Context)
net.youmi.android.appoffers.ee: boolean f(android.content.Context)
net.youmi.android.appoffers.ee: boolean g(android.content.Context)
net.youmi.android.appoffers.ee: boolean h(android.content.Context)
net.youmi.android.appoffers.ee: boolean i(android.content.Context)
net.youmi.android.appoffers.ef
net.youmi.android.appoffers.ef: boolean a(android.content.Context)
net.youmi.android.appoffers.eg
net.youmi.android.appoffers.eg: boolean a()
net.youmi.android.appoffers.eg: boolean a(android.content.Context)
net.youmi.android.appoffers.eg: boolean a(android.content.Context,long)
net.youmi.android.appoffers.eg: long b(android.content.Context)
net.youmi.android.appoffers.eh
net.youmi.android.appoffers.eh: android.widget.TextView a
net.youmi.android.appoffers.eh: android.content.Context b
net.youmi.android.appoffers.eh: eh(android.content.Context)
net.youmi.android.appoffers.eh: void a()
net.youmi.android.appoffers.eh: void b()
net.youmi.android.appoffers.ei
net.youmi.android.appoffers.ei: int a
net.youmi.android.appoffers.ei: int b
net.youmi.android.appoffers.ei: int c
net.youmi.android.appoffers.ei: android.graphics.RectF d
net.youmi.android.appoffers.ei: android.graphics.Paint e
net.youmi.android.appoffers.ei: ei(android.content.Context)
net.youmi.android.appoffers.ei: void a(int)
net.youmi.android.appoffers.ei: void a()
net.youmi.android.appoffers.ei: void onDraw(android.graphics.Canvas)
net.youmi.android.appoffers.ej
net.youmi.android.appoffers.ej: int f
net.youmi.android.appoffers.ej: int g
net.youmi.android.appoffers.ej: net.youmi.android.appoffers.g h
net.youmi.android.appoffers.ej: int i
net.youmi.android.appoffers.ej: net.youmi.android.appoffers.YoumiOffersActivity a
net.youmi.android.appoffers.ej: net.youmi.android.appoffers.ea b
net.youmi.android.appoffers.ej: net.youmi.android.appoffers.eo c
net.youmi.android.appoffers.ej: net.youmi.android.appoffers.ei d
net.youmi.android.appoffers.ej: net.youmi.android.appoffers.eh e
net.youmi.android.appoffers.ej: android.os.Handler j
net.youmi.android.appoffers.ej: void <clinit>()
net.youmi.android.appoffers.ej: ej(net.youmi.android.appoffers.YoumiOffersActivity,net.youmi.android.appoffers.ea)
net.youmi.android.appoffers.ej: void m()
net.youmi.android.appoffers.ej: void n()
net.youmi.android.appoffers.ej: boolean g()
net.youmi.android.appoffers.ej: void i()
net.youmi.android.appoffers.ej: void h()
net.youmi.android.appoffers.ej: void a(boolean)
net.youmi.android.appoffers.ej: void b(boolean)
net.youmi.android.appoffers.ej: void o()
net.youmi.android.appoffers.ej: void p()
net.youmi.android.appoffers.ej: void a(int)
net.youmi.android.appoffers.ej: void q()
net.youmi.android.appoffers.ej: void b(java.lang.String)
net.youmi.android.appoffers.ej: net.youmi.android.appoffers.g b()
net.youmi.android.appoffers.ej: java.lang.String b(int)
net.youmi.android.appoffers.ej: boolean r()