proguard/mapping.txt
net.basilwang.About_us -> net.basilwang.About_us:
    void onCreate(android.os.Bundle) -> onCreate
net.basilwang.AddActionMode -> net.basilwang.a:
    java.lang.String[] titles -> a
    net.basilwang.listener.ActionModeListener actionModeListener -> b
    boolean onActionItemClicked(com.actionbarsherlock.view.ActionMode,com.actionbarsherlock.view.MenuItem) -> onActionItemClicked
    boolean onCreateActionMode(com.actionbarsherlock.view.ActionMode,com.actionbarsherlock.view.Menu) -> onCreateActionMode
    void onDestroyActionMode(com.actionbarsherlock.view.ActionMode) -> onDestroyActionMode
    boolean onPrepareActionMode(com.actionbarsherlock.view.ActionMode,com.actionbarsherlock.view.Menu) -> onPrepareActionMode
net.basilwang.AddSubMenu -> net.basilwang.b:
    com.actionbarsherlock.view.SubMenu sub -> a
    android.content.Context context -> b
    net.basilwang.listener.AddSubMenuListener listener -> c
    int tipPhotoId -> d
    java.lang.String preferKey -> e
    void setSubMenuItemListener(android.widget.AdapterView$OnItemSelectedListener,android.view.View$OnClickListener) -> a
    void setTipPhotoAndPreferKey$4f708078(java.lang.String) -> a
    void showTipIfNecessary() -> a
    void dismissTip() -> b
    android.content.Context access$0(net.basilwang.AddSubMenu) -> a
    net.basilwang.listener.AddSubMenuListener access$1(net.basilwang.AddSubMenu) -> b
net.basilwang.AddSubMenu$SemesterArrayAdapter -> net.basilwang.c:
    net.basilwang.dao.SemesterService semesterService -> b
    java.lang.String[] semesters -> c
    net.basilwang.AddSubMenu this$0 -> a
    int getCount() -> getCount
    long getItemId(int) -> getItemId
    java.lang.Object getItem(int) -> getItem
net.basilwang.AddSubMenu$SubMenuListener -> net.basilwang.d:
    android.widget.AdapterView$OnItemSelectedListener spinnerListener -> b
    android.view.View$OnClickListener buttonListener -> c
    net.basilwang.AddSubMenu this$0 -> a
    boolean onMenuItemActionExpand(com.actionbarsherlock.view.MenuItem) -> onMenuItemActionExpand
    boolean onMenuItemActionCollapse(com.actionbarsherlock.view.MenuItem) -> onMenuItemActionCollapse
net.basilwang.AlertDialogFactory -> net.basilwang.e:
net.basilwang.AlertDialogFactory$1 -> net.basilwang.f:
    void onClick(android.content.DialogInterface,int) -> onClick
net.basilwang.AlertDialogFactory$2 -> net.basilwang.g:
    android.app.Activity val$activity -> a
    void onClick(android.content.DialogInterface,int) -> onClick
net.basilwang.AlertDialogFactory$3 -> net.basilwang.h:
    android.app.Activity val$activity -> a
    android.preference.CheckBoxPreference val$checkBoxPreference -> b
    java.lang.String val$checkBoxPreferenceKey -> c
    java.lang.String val$successMsg -> d
    java.lang.String val$failedMsg -> e
    void onClick(android.content.DialogInterface,int) -> onClick
net.basilwang.BaseActivity -> net.basilwang.BaseActivity:
    int mTitleRes -> b
    android.support.v4.app.ListFragment mFrag -> a
    void onCreate(android.os.Bundle) -> onCreate
    boolean onOptionsItemSelected(com.actionbarsherlock.view.MenuItem) -> onOptionsItemSelected
net.basilwang.BlocksActivity -> net.basilwang.BlocksActivity:
    net.basilwang.ui.widget.BlocksLayout mBlocks -> c
    android.view.View mNowView -> d
    long mTimeStart -> e
    long mTimeEnd -> f
    net.basilwang.dao.CurriculumService curriculumService -> a
    java.util.List curriculumList -> b
    java.util.HashMap sTypeColumnMap -> g
    void onCreate(android.os.Bundle) -> onCreate
    void onResume() -> onResume
    void onPause() -> onPause
    void onHomeClick(android.view.View) -> onHomeClick
    void onRefreshClick(android.view.View) -> onRefreshClick
    void onSearchClick(android.view.View) -> onSearchClick
    void onClick(android.view.View) -> onClick
...
net.youmi.android.appoffers.w -> net.youmi.android.appoffers.w:
    java.lang.String a -> a
    java.lang.String b -> b
    java.lang.String c -> c
    java.lang.String d -> d
    java.lang.String e -> e
    boolean f -> f
    net.youmi.android.appoffers.w g -> g
    net.youmi.android.appoffers.w a(android.content.Context) -> a
    java.lang.String b(android.content.Context) -> b
    java.lang.String a(java.lang.String) -> a
    boolean f() -> f
    java.lang.String a() -> a
    java.lang.String b() -> b
    java.lang.String c() -> c
    java.lang.String d() -> d
    boolean e() -> e
net.youmi.android.appoffers.x -> net.youmi.android.appoffers.x:
    java.lang.String a -> a
    java.lang.String b -> b
    java.lang.String c -> c
    java.lang.String d -> d
    java.lang.String e -> e
    java.lang.String f -> f
    java.lang.String a() -> a
    java.lang.String a(android.content.Context) -> a
    java.lang.String b(android.content.Context) -> b
    java.lang.String c(android.content.Context) -> c
    java.lang.String d(android.content.Context) -> d
    java.lang.String b() -> b
    java.lang.String c() -> c
    java.lang.String d() -> d
    void e(android.content.Context) -> e
    java.lang.String f(android.content.Context) -> f
net.youmi.android.appoffers.y -> net.youmi.android.appoffers.y:
    android.content.Context a() -> a
    net.youmi.android.appoffers.g b() -> b
    boolean c() -> c
    boolean a(java.lang.Runnable) -> a
    boolean d() -> d
    boolean e() -> e
net.youmi.android.appoffers.z -> net.youmi.android.appoffers.z:
    java.lang.String a(net.youmi.android.appoffers.y,org.json.JSONObject) -> a
net.youmi.android.aq -> net.youmi.android.p:
    android.app.Activity a -> a
    java.lang.String b -> b
    void run() -> run
net.youmi.android.ar -> net.youmi.android.q:
    void a(java.io.ByteArrayOutputStream) -> a
    java.lang.String a(android.app.Activity,net.youmi.android.dp,long) -> a
    java.lang.String a(android.content.Context,net.youmi.android.df) -> a
    java.lang.String a(android.content.Context,long,java.lang.String,java.lang.String,long,long,long) -> a
    java.lang.String a(android.content.Context,java.lang.String,java.lang.String,int) -> a
    java.lang.String b(android.content.Context) -> b
    java.lang.String b(android.content.Context,java.util.ArrayList) -> b
    java.lang.String a(android.content.Context) -> a
    java.lang.String a(android.content.Context,java.util.ArrayList) -> a
net.youmi.android.as -> net.youmi.android.r:
    net.youmi.android.df a -> a
net.youmi.android.at -> net.youmi.android.s:
    android.location.Location a -> a
    net.youmi.android.fc b -> b
    void a(android.content.Context,android.os.Handler) -> a
    void a(android.location.Location) -> a
    android.location.Location a$78c4b975() -> a
    net.youmi.android.fc a() -> b
net.youmi.android.au -> net.youmi.android.t:
    android.location.LocationManager a -> a
    void run() -> run
net.youmi.android.av -> net.youmi.android.u:
    boolean b(android.app.Activity,java.lang.String) -> a
    boolean c(android.app.Activity,java.lang.String) -> b
net.youmi.android.aw -> net.youmi.android.v:
    java.lang.String a -> a
    java.lang.String b -> b
    java.lang.String c -> c
    java.lang.String d -> d
    java.lang.String e -> e
    java.lang.String f -> f
    java.lang.String g -> g
    java.lang.String h -> h
    java.lang.String i -> i
    java.lang.String a() -> a
    java.lang.String b() -> b
    java.lang.String c() -> c
    java.lang.String d() -> d
    java.lang.String e() -> e
    java.lang.String f() -> f
    java.lang.String g() -> g
    java.lang.String h() -> h
    java.lang.String i() -> i
net.youmi.android.ax -> net.youmi.android.w:
    long a -> a
    long b -> b
    void a(android.content.Context) -> a
    boolean a(java.lang.String,java.lang.String) -> a
net.youmi.android.ay -> net.youmi.android.x:
    android.content.Context a -> a
    void run() -> run