proguard/usage.txt
net.basilwang.AddSubMenu:
    57:57:public com.actionbarsherlock.view.SubMenu getSubMenu()
net.basilwang.AlertDialogFactory:
    19:19:public AlertDialogFactory()
net.basilwang.BlocksActivity:
    private static final java.lang.String TAG
    public static final java.lang.String EXTRA_TIME_START
    public static final java.lang.String EXTRA_TIME_END
    private static final int DISABLED_BLOCK_ALPHA
net.basilwang.BuildConfig
net.basilwang.CheckCodeDialog:
    static final java.lang.String TAG
net.basilwang.CurriculumFragment
net.basilwang.CurriculumFragment$1
net.basilwang.CurriculumFragment$WeekViewPagerAdapter
net.basilwang.CurriculumViewPagerActivity$DayViewPagerAdapter:
    92:94:private android.view.View removeDayViewAt(android.support.v4.view.ViewPager,int)
net.basilwang.CurriculumViewPagerFragment:
    static final java.lang.String TAG
net.basilwang.CurriculumViewPagerFragment$DayViewPagerAdapter:
    115:117:private android.view.View removeDayViewAt(android.support.v4.view.ViewPager,int)
net.basilwang.DayView:
    18:20:public DayView(android.content.Context)
net.basilwang.EditLogonPreferenceActivity:
    net.basilwang.core.TAHelper taHelper
net.basilwang.LogonPreferenceActivity:
    156:158:public int getCurrentYear()
net.basilwang.LogonPreferenceActivity$SemesterInit:
    193:195:public LogonPreferenceActivity$SemesterInit(net.basilwang.LogonPreferenceActivity)
net.basilwang.MyPreferenceActivity:
    static final java.lang.String TAG
net.basilwang.PreferenceFragmentPlugin:
    private static final int FIRST_REQUEST_CODE
    private static final int MSG_BIND_PREFERENCES
    45:47:public PreferenceFragmentPlugin(int)
    174:174:public android.preference.PreferenceManager getPreferenceManager()
    218:218:public void addPreferencesFromIntent(android.content.Intent)
    246:249:public android.preference.Preference findPreference(java.lang.CharSequence)
net.basilwang.R:
    10:10:public R()
net.basilwang.R$anim
net.basilwang.R$array
net.basilwang.R$attr
net.basilwang.R$bool
net.basilwang.R$color
net.basilwang.R$dimen
net.basilwang.R$drawable
net.basilwang.R$id
net.basilwang.R$integer
net.basilwang.R$layout
net.basilwang.R$menu
net.basilwang.R$raw
net.basilwang.R$string
net.basilwang.R$style
net.basilwang.R$styleable:
    public static final int BlocksLayout_columns
    public static final int Gallery1_android_galleryItemBackground
    public static final int SherlockActionBar_background
    public static final int SherlockActionBar_backgroundSplit
    public static final int SherlockActionBar_backgroundStacked
    public static final int SherlockActionBar_customNavigationLayout
    public static final int SherlockActionBar_displayOptions
    public static final int SherlockActionBar_divider
    public static final int SherlockActionBar_height
    public static final int SherlockActionBar_homeLayout
    public static final int SherlockActionBar_icon
    public static final int SherlockActionBar_indeterminateProgressStyle
    public static final int SherlockActionBar_itemPadding
    public static final int SherlockActionBar_logo
    public static final int SherlockActionBar_navigationMode
    public static final int SherlockActionBar_progressBarPadding
    public static final int SherlockActionBar_progressBarStyle
    public static final int SherlockActionBar_subtitle
    public static final int SherlockActionBar_subtitleTextStyle
    public static final int SherlockActionBar_title
    public static final int SherlockActionBar_titleTextStyle
    public static final int SherlockActionMenuItemView_android_minWidth
    public static final int SherlockActionMode_background
    public static final int SherlockActionMode_backgroundSplit
net.basilwang.R$xml
net.basilwang.ShareOnWeibo$1$1:
    67:67:public void onIOException(java.io.IOException)
net.basilwang.SliderMenuFragment:
    public static final int EXIT_APPLICATION
...
org.jivesoftware.smack.packet.Bind
org.jivesoftware.smack.packet.DefaultPacketExtension
org.jivesoftware.smack.packet.IQ
org.jivesoftware.smack.packet.IQ$1
org.jivesoftware.smack.packet.IQ$2
org.jivesoftware.smack.packet.IQ$Type
org.jivesoftware.smack.packet.Message
org.jivesoftware.smack.packet.Message$Body
org.jivesoftware.smack.packet.Message$Subject
org.jivesoftware.smack.packet.Message$Type
org.jivesoftware.smack.packet.Packet
org.jivesoftware.smack.packet.PacketExtension
org.jivesoftware.smack.packet.Presence
org.jivesoftware.smack.packet.Presence$Mode
org.jivesoftware.smack.packet.Presence$Type
org.jivesoftware.smack.packet.Privacy
org.jivesoftware.smack.packet.PrivacyItem
org.jivesoftware.smack.packet.PrivacyItem$PrivacyRule
org.jivesoftware.smack.packet.PrivacyItem$Type
org.jivesoftware.smack.packet.Registration
org.jivesoftware.smack.packet.RosterPacket
org.jivesoftware.smack.packet.RosterPacket$Item
org.jivesoftware.smack.packet.RosterPacket$ItemStatus
org.jivesoftware.smack.packet.RosterPacket$ItemType
org.jivesoftware.smack.packet.Session
org.jivesoftware.smack.packet.StreamError
org.jivesoftware.smack.packet.XMPPError
org.jivesoftware.smack.packet.XMPPError$Condition
org.jivesoftware.smack.packet.XMPPError$ErrorSpecification
org.jivesoftware.smack.packet.XMPPError$Type
org.jivesoftware.smack.provider.IQProvider
org.jivesoftware.smack.provider.PacketExtensionProvider
org.jivesoftware.smack.provider.PrivacyProvider
org.jivesoftware.smack.provider.ProviderManager
org.jivesoftware.smack.proxy.DirectSocketFactory
org.jivesoftware.smack.proxy.HTTPProxySocketFactory
org.jivesoftware.smack.proxy.ProxyException
org.jivesoftware.smack.proxy.ProxyInfo
org.jivesoftware.smack.proxy.ProxyInfo$ProxyType
org.jivesoftware.smack.proxy.Socks4ProxySocketFactory
org.jivesoftware.smack.proxy.Socks5ProxySocketFactory
org.jivesoftware.smack.sasl.SASLAnonymous
org.jivesoftware.smack.sasl.SASLCramMD5Mechanism
org.jivesoftware.smack.sasl.SASLDigestMD5Mechanism
org.jivesoftware.smack.sasl.SASLExternalMechanism
org.jivesoftware.smack.sasl.SASLGSSAPIMechanism
org.jivesoftware.smack.sasl.SASLMechanism
org.jivesoftware.smack.sasl.SASLMechanism$AuthMechanism
org.jivesoftware.smack.sasl.SASLMechanism$Challenge
org.jivesoftware.smack.sasl.SASLMechanism$Failure
org.jivesoftware.smack.sasl.SASLMechanism$Response
org.jivesoftware.smack.sasl.SASLMechanism$Success
org.jivesoftware.smack.sasl.SASLPlainMechanism
org.jivesoftware.smack.util.Base64
org.jivesoftware.smack.util.Base64$InputStream
org.jivesoftware.smack.util.Base64$OutputStream
org.jivesoftware.smack.util.Cache
org.jivesoftware.smack.util.Cache$1
org.jivesoftware.smack.util.Cache$1$1
org.jivesoftware.smack.util.Cache$2
org.jivesoftware.smack.util.Cache$2$1
org.jivesoftware.smack.util.Cache$2$1$1
org.jivesoftware.smack.util.Cache$CacheObject
org.jivesoftware.smack.util.Cache$LinkedList
org.jivesoftware.smack.util.Cache$LinkedListNode
org.jivesoftware.smack.util.ObservableReader
org.jivesoftware.smack.util.ObservableWriter
org.jivesoftware.smack.util.PacketParserUtils
org.jivesoftware.smack.util.PacketParserUtils$1
org.jivesoftware.smack.util.PacketParserUtils$2
org.jivesoftware.smack.util.ReaderListener
org.jivesoftware.smack.util.StringUtils
org.jivesoftware.smack.util.WriterListener
org.jivesoftware.smack.util.collections.AbstractEmptyIterator
org.jivesoftware.smack.util.collections.AbstractHashedMap
org.jivesoftware.smack.util.collections.AbstractHashedMap$EntrySet
org.jivesoftware.smack.util.collections.AbstractHashedMap$EntrySetIterator
org.jivesoftware.smack.util.collections.AbstractHashedMap$HashEntry
org.jivesoftware.smack.util.collections.AbstractHashedMap$HashIterator
org.jivesoftware.smack.util.collections.AbstractHashedMap$HashMapIterator
org.jivesoftware.smack.util.collections.AbstractHashedMap$KeySet
org.jivesoftware.smack.util.collections.AbstractHashedMap$KeySetIterator
org.jivesoftware.smack.util.collections.AbstractHashedMap$Values